

============================== 2023-07-30 06:40:33.367885 | af4c4e1d-1488-40e0-b0a5-bd7e5c826562 ==============================
06:40:33.367885 [info ] [MainThread]: Running with dbt=1.1.0
06:40:33.367885 [debug] [MainThread]: running dbt with arguments {'write_json': True, 'use_colors': True, 'printer_width': 80, 'version_check': True, 'partial_parse': True, 'static_parser': True, 'profiles_dir': 'C:\\Users\\OMKAR\\.dbt', 'send_anonymous_usage_stats': True, 'event_buffer_size': 100000, 'quiet': False, 'no_print': False, 'project_name': 'dbt_prac_vs', 'skip_profile_setup': False, 'which': 'init', 'indirect_selection': 'eager'}
06:40:33.367885 [debug] [MainThread]: Tracking: tracking
06:40:33.383604 [debug] [MainThread]: Sending event: {'category': 'dbt', 'action': 'invocation', 'label': 'start', 'context': [<snowplow_tracker.self_describing_json.SelfDescribingJson object at 0x000001ECAEF5CFC8>, <snowplow_tracker.self_describing_json.SelfDescribingJson object at 0x000001ECAEF60F08>, <snowplow_tracker.self_describing_json.SelfDescribingJson object at 0x000001ECAEF604C8>]}
06:40:33.387579 [debug] [MainThread]: Starter project path: c:\program files\python37\lib\site-packages\dbt\include\starter_project
06:47:50.439821 [info ] [MainThread]: Profile dbt_prac_vs written to C:\Users\OMKAR\.dbt\profiles.yml using target's profile_template.yml and your supplied values. Run 'dbt debug' to validate the connection.
06:47:50.441822 [info ] [MainThread]: 
Your new dbt project "dbt_prac_vs" was created!

For more information on how to configure the profiles.yml file,
please consult the dbt documentation here:

  https://docs.getdbt.com/docs/configure-your-profile

One more thing:

Need help? Don't hesitate to reach out to us via GitHub issues or on Slack:

  https://community.getdbt.com/

Happy modeling!

06:47:50.443823 [debug] [MainThread]: Sending event: {'category': 'dbt', 'action': 'invocation', 'label': 'end', 'context': [<snowplow_tracker.self_describing_json.SelfDescribingJson object at 0x000001ECAEF5CFC8>, <snowplow_tracker.self_describing_json.SelfDescribingJson object at 0x000001ECAEF67908>, <snowplow_tracker.self_describing_json.SelfDescribingJson object at 0x000001ECAEF67A88>]}


============================== 2023-07-30 06:54:26.739379 | 4fa543f7-4e19-4028-b2cb-9cf3ca81bf22 ==============================
06:54:26.739379 [info ] [MainThread]: Running with dbt=1.1.0
06:54:26.739379 [debug] [MainThread]: running dbt with arguments {'write_json': True, 'use_colors': True, 'printer_width': 80, 'version_check': True, 'partial_parse': True, 'static_parser': True, 'profiles_dir': 'C:\\Users\\OMKAR\\.dbt', 'send_anonymous_usage_stats': True, 'event_buffer_size': 100000, 'quiet': False, 'no_print': False, 'config_dir': False, 'which': 'debug', 'indirect_selection': 'eager'}
06:54:26.739379 [debug] [MainThread]: Tracking: tracking
06:54:26.753509 [debug] [MainThread]: Sending event: {'category': 'dbt', 'action': 'invocation', 'label': 'start', 'context': [<snowplow_tracker.self_describing_json.SelfDescribingJson object at 0x00000242A45506C8>, <snowplow_tracker.self_describing_json.SelfDescribingJson object at 0x00000242A4550E08>, <snowplow_tracker.self_describing_json.SelfDescribingJson object at 0x00000242A4550F88>]}
06:54:31.567108 [debug] [MainThread]: Executing "git --help"
06:54:31.643938 [debug] [MainThread]: STDOUT: "b"usage: git [--version] [--help] [-C <path>] [-c <name>=<value>]\n           [--exec-path[=<path>]] [--html-path] [--man-path] [--info-path]\n           [-p | --paginate | -P | --no-pager] [--no-replace-objects] [--bare]\n           [--git-dir=<path>] [--work-tree=<path>] [--namespace=<name>]\n           [--super-prefix=<path>] [--config-env=<name>=<envvar>]\n           <command> [<args>]\n\nThese are common Git commands used in various situations:\n\nstart a working area (see also: git help tutorial)\n   clone     Clone a repository into a new directory\n   init      Create an empty Git repository or reinitialize an existing one\n\nwork on the current change (see also: git help everyday)\n   add       Add file contents to the index\n   mv        Move or rename a file, a directory, or a symlink\n   restore   Restore working tree files\n   rm        Remove files from the working tree and from the index\n\nexamine the history and state (see also: git help revisions)\n   bisect    Use binary search to find the commit that introduced a bug\n   diff      Show changes between commits, commit and working tree, etc\n   grep      Print lines matching a pattern\n   log       Show commit logs\n   show      Show various types of objects\n   status    Show the working tree status\n\ngrow, mark and tweak your common history\n   branch    List, create, or delete branches\n   commit    Record changes to the repository\n   merge     Join two or more development histories together\n   rebase    Reapply commits on top of another base tip\n   reset     Reset current HEAD to the specified state\n   switch    Switch branches\n   tag       Create, list, delete or verify a tag object signed with GPG\n\ncollaborate (see also: git help workflows)\n   fetch     Download objects and refs from another repository\n   pull      Fetch from and integrate with another repository or a local branch\n   push      Update remote refs along with associated objects\n\n'git help -a' and 'git help -g' list available subcommands and some\nconcept guides. See 'git help <command>' or 'git help <concept>'\nto read about a specific subcommand or concept.\nSee 'git help git' for an overview of the system.\n""
06:54:31.643938 [debug] [MainThread]: STDERR: "b''"
06:54:31.648940 [debug] [MainThread]: Acquiring new bigquery connection "debug"
06:54:31.648940 [debug] [MainThread]: Opening a new connection, currently in state init
06:54:31.650936 [debug] [MainThread]: On debug: select 1 as id
06:54:33.679916 [debug] [MainThread]: Sending event: {'category': 'dbt', 'action': 'invocation', 'label': 'end', 'context': [<snowplow_tracker.self_describing_json.SelfDescribingJson object at 0x00000242A41AA1C8>, <snowplow_tracker.self_describing_json.SelfDescribingJson object at 0x00000242AD4AD288>, <snowplow_tracker.self_describing_json.SelfDescribingJson object at 0x00000242AD4AD748>]}
06:54:34.524287 [debug] [MainThread]: Connection 'debug' was properly closed.


============================== 2023-07-30 06:58:34.700727 | 0c08f490-87bc-43cd-b3d8-f1a3850225fd ==============================
06:58:34.700727 [info ] [MainThread]: Running with dbt=1.1.0
06:58:34.700727 [debug] [MainThread]: running dbt with arguments {'write_json': True, 'use_colors': True, 'printer_width': 80, 'version_check': True, 'partial_parse': True, 'static_parser': True, 'profiles_dir': 'C:\\Users\\OMKAR\\.dbt', 'send_anonymous_usage_stats': True, 'event_buffer_size': 100000, 'quiet': False, 'no_print': False, 'config_dir': False, 'which': 'debug', 'indirect_selection': 'eager'}
06:58:34.700727 [debug] [MainThread]: Tracking: tracking
06:58:34.712411 [debug] [MainThread]: Sending event: {'category': 'dbt', 'action': 'invocation', 'label': 'start', 'context': [<snowplow_tracker.self_describing_json.SelfDescribingJson object at 0x000001D3720306C8>, <snowplow_tracker.self_describing_json.SelfDescribingJson object at 0x000001D372030E08>, <snowplow_tracker.self_describing_json.SelfDescribingJson object at 0x000001D372030F88>]}
06:58:35.556763 [debug] [MainThread]: Executing "git --help"
06:58:35.637763 [debug] [MainThread]: STDOUT: "b"usage: git [--version] [--help] [-C <path>] [-c <name>=<value>]\n           [--exec-path[=<path>]] [--html-path] [--man-path] [--info-path]\n           [-p | --paginate | -P | --no-pager] [--no-replace-objects] [--bare]\n           [--git-dir=<path>] [--work-tree=<path>] [--namespace=<name>]\n           [--super-prefix=<path>] [--config-env=<name>=<envvar>]\n           <command> [<args>]\n\nThese are common Git commands used in various situations:\n\nstart a working area (see also: git help tutorial)\n   clone     Clone a repository into a new directory\n   init      Create an empty Git repository or reinitialize an existing one\n\nwork on the current change (see also: git help everyday)\n   add       Add file contents to the index\n   mv        Move or rename a file, a directory, or a symlink\n   restore   Restore working tree files\n   rm        Remove files from the working tree and from the index\n\nexamine the history and state (see also: git help revisions)\n   bisect    Use binary search to find the commit that introduced a bug\n   diff      Show changes between commits, commit and working tree, etc\n   grep      Print lines matching a pattern\n   log       Show commit logs\n   show      Show various types of objects\n   status    Show the working tree status\n\ngrow, mark and tweak your common history\n   branch    List, create, or delete branches\n   commit    Record changes to the repository\n   merge     Join two or more development histories together\n   rebase    Reapply commits on top of another base tip\n   reset     Reset current HEAD to the specified state\n   switch    Switch branches\n   tag       Create, list, delete or verify a tag object signed with GPG\n\ncollaborate (see also: git help workflows)\n   fetch     Download objects and refs from another repository\n   pull      Fetch from and integrate with another repository or a local branch\n   push      Update remote refs along with associated objects\n\n'git help -a' and 'git help -g' list available subcommands and some\nconcept guides. See 'git help <command>' or 'git help <concept>'\nto read about a specific subcommand or concept.\nSee 'git help git' for an overview of the system.\n""
06:58:35.638790 [debug] [MainThread]: STDERR: "b''"
06:58:35.643762 [debug] [MainThread]: Acquiring new bigquery connection "debug"
06:58:35.643762 [debug] [MainThread]: Opening a new connection, currently in state init
06:58:35.644762 [debug] [MainThread]: On debug: select 1 as id
06:58:37.436546 [debug] [MainThread]: Sending event: {'category': 'dbt', 'action': 'invocation', 'label': 'end', 'context': [<snowplow_tracker.self_describing_json.SelfDescribingJson object at 0x000001D372034048>, <snowplow_tracker.self_describing_json.SelfDescribingJson object at 0x000001D37AF7C7C8>, <snowplow_tracker.self_describing_json.SelfDescribingJson object at 0x000001D37AF7C0C8>]}
06:58:38.321652 [debug] [MainThread]: Connection 'debug' was properly closed.
